<?xml version="1.0" encoding="UTF-8"?>
<!-- Generated by org.testng.reporters.JUnitXMLReporter -->
<testsuite ignored="0" hostname="LAPTOP-N9RRNCS7" failures="0" tests="2" name="Accounts Page Test" time="22.489" errors="0" timestamp="24 Mar 2022 01:57:42 GMT">
  <testcase classname="com.qa.opencart.test.AccountPageTest" name="accPageSectionsTest" time="0.257"/>
  <testcase classname="com.qa.opencart.test.AccountPageTest" name="selectProduct" time="13.187"/>
</testsuite> <!-- Accounts Page Test -->
