<?xml version="1.0" encoding="UTF-8"?>
<!-- Generated by org.testng.reporters.JUnitXMLReporter -->
<testsuite ignored="0" hostname="LAPTOP-N9RRNCS7" failures="0" tests="4" name="Login Page Test" time="16.988" errors="0" timestamp="29 Mar 2022 01:27:04 GMT">
  <testcase classname="com.qa.opencart.test.LoginPageTest" name="loginPageTest" time="0.07"/>
  <testcase classname="com.qa.opencart.test.LoginPageTest" name="loginPageURLTest" time="0.017"/>
  <testcase classname="com.qa.opencart.test.LoginPageTest" name="verifyForgotPwdLink" time="0.063"/>
  <testcase classname="com.qa.opencart.test.LoginPageTest" name="loginTest" time="5.16"/>
</testsuite> <!-- Login Page Test -->
